{
  "RSpec": {
    "coverage": {
      "/Users/AIMEN.S.A/Sites/Code/NextAcademy/Week_6/facebook_clone_test_only/app/helpers/application_helper.rb": [
        1,
        null
      ],
      "/Users/AIMEN.S.A/Sites/Code/NextAcademy/Week_6/facebook_clone_test_only/app/helpers/likes_helper.rb": [
        1,
        null
      ],
      "/Users/AIMEN.S.A/Sites/Code/NextAcademy/Week_6/facebook_clone_test_only/app/helpers/sessions_helper.rb": [
        1,
        null
      ],
      "/Users/AIMEN.S.A/Sites/Code/NextAcademy/Week_6/facebook_clone_test_only/app/helpers/statuses_helper.rb": [
        1,
        null
      ],
      "/Users/AIMEN.S.A/Sites/Code/NextAcademy/Week_6/facebook_clone_test_only/app/helpers/users_helper.rb": [
        1,
        null
      ],
      "/Users/AIMEN.S.A/Sites/Code/NextAcademy/Week_6/facebook_clone_test_only/app/helpers/welcome_helper.rb": [
        1,
        null
      ],
      "/Users/AIMEN.S.A/Sites/Code/NextAcademy/Week_6/facebook_clone_test_only/app/controllers/likes_controller.rb": [
        1,
        null,
        1,
        4,
        4,
        null,
        4,
        4,
        2,
        2,
        null,
        2,
        2,
        null,
        null,
        null,
        1,
        2,
        2,
        2,
        2,
        null,
        null,
        null,
        1,
        8,
        null,
        null
      ],
      "/Users/AIMEN.S.A/Sites/Code/NextAcademy/Week_6/facebook_clone_test_only/app/controllers/application_controller.rb": [
        1,
        null,
        null,
        1,
        null,
        null
      ],
      "/Users/AIMEN.S.A/Sites/Code/NextAcademy/Week_6/facebook_clone_test_only/app/controllers/sessions_controller.rb": [
        1,
        null,
        1,
        2,
        null,
        null,
        1,
        8,
        8,
        5,
        5,
        5,
        null,
        3,
        3,
        null,
        null,
        null,
        1,
        2,
        2,
        null,
        null,
        1,
        1,
        16,
        null,
        null
      ],
      "/Users/AIMEN.S.A/Sites/Code/NextAcademy/Week_6/facebook_clone_test_only/app/controllers/statuses_controller.rb": [
        1,
        null,
        1,
        3,
        null,
        null,
        1,
        4,
        null,
        4,
        2,
        2,
        null,
        2,
        2,
        null,
        null,
        null,
        1,
        2,
        null,
        null,
        1,
        3,
        3,
        2,
        2,
        null,
        1,
        null,
        null,
        null,
        1,
        2,
        2,
        2,
        2,
        null,
        null,
        1,
        1,
        7,
        null,
        null
      ],
      "/Users/AIMEN.S.A/Sites/Code/NextAcademy/Week_6/facebook_clone_test_only/app/controllers/users_controller.rb": [
        1,
        null,
        null,
        1,
        0,
        null,
        null,
        1,
        3,
        null,
        null,
        1,
        4,
        null,
        4,
        2,
        2,
        null,
        2,
        2,
        null,
        null,
        null,
        1,
        2,
        null,
        null,
        1,
        3,
        3,
        2,
        2,
        null,
        1,
        null,
        null,
        null,
        1,
        2,
        2,
        2,
        2,
        null,
        null,
        null,
        1,
        1,
        7,
        null,
        null,
        null
      ],
      "/Users/AIMEN.S.A/Sites/Code/NextAcademy/Week_6/facebook_clone_test_only/app/controllers/welcome_controller.rb": [
        1,
        1,
        null,
        null
      ],
      "/Users/AIMEN.S.A/Sites/Code/NextAcademy/Week_6/facebook_clone_test_only/app/models/like.rb": [
        1,
        null,
        1,
        1,
        null,
        1,
        1,
        null
      ],
      "/Users/AIMEN.S.A/Sites/Code/NextAcademy/Week_6/facebook_clone_test_only/app/models/status.rb": [
        1,
        null,
        1,
        1,
        null,
        1,
        1,
        null,
        1,
        1,
        null,
        null
      ],
      "/Users/AIMEN.S.A/Sites/Code/NextAcademy/Week_6/facebook_clone_test_only/app/models/user.rb": [
        1,
        null,
        1,
        null,
        1,
        null,
        1,
        1,
        1,
        1,
        null,
        1,
        1,
        null
      ]
    },
    "timestamp": 1480942537
  }
}
